  [1m[36m (13.2ms)[0m  [1mCREATE TABLE "schema_migrations" ("version" varchar NOT NULL) [0m
  [1m[35m (0.1ms)[0m  select sqlite_version(*)
  [1m[36m (9.9ms)[0m  [1mCREATE UNIQUE INDEX "unique_schema_migrations" ON "schema_migrations" ("version")[0m
  [1m[35mActiveRecord::SchemaMigration Load (0.4ms)[0m  SELECT "schema_migrations".* FROM "schema_migrations"
Migrating to DeviseCreateUsers (20171026183234)
  [1m[36m (0.1ms)[0m  [1mbegin transaction[0m
  [1m[35m (0.4ms)[0m  CREATE TABLE "users" ("id" INTEGER PRIMARY KEY AUTOINCREMENT NOT NULL, "email" varchar DEFAULT '' NOT NULL, "encrypted_password" varchar DEFAULT '' NOT NULL, "reset_password_token" varchar, "reset_password_sent_at" datetime, "remember_created_at" datetime, "sign_in_count" integer DEFAULT 0 NOT NULL, "current_sign_in_at" datetime, "last_sign_in_at" datetime, "current_sign_in_ip" varchar, "last_sign_in_ip" varchar, "created_at" datetime NOT NULL, "updated_at" datetime NOT NULL) 
  [1m[36m (0.4ms)[0m  [1mCREATE UNIQUE INDEX "index_users_on_email" ON "users" ("email")[0m
  [1m[35m (0.1ms)[0m              SELECT sql
            FROM sqlite_master
            WHERE name='index_users_on_email' AND type='index'
            UNION ALL
            SELECT sql
            FROM sqlite_temp_master
            WHERE name='index_users_on_email' AND type='index'

  [1m[36m (0.2ms)[0m  [1mCREATE UNIQUE INDEX "index_users_on_reset_password_token" ON "users" ("reset_password_token")[0m
  [1m[35mSQL (0.1ms)[0m  INSERT INTO "schema_migrations" ("version") VALUES (?)  [["version", "20171026183234"]]
  [1m[36m (10.2ms)[0m  [1mcommit transaction[0m
  [1m[35mActiveRecord::SchemaMigration Load (0.1ms)[0m  SELECT "schema_migrations".* FROM "schema_migrations"
  [1m[36m (0.1ms)[0m  [1m            SELECT sql
            FROM sqlite_master
            WHERE name='index_users_on_reset_password_token' AND type='index'
            UNION ALL
            SELECT sql
            FROM sqlite_temp_master
            WHERE name='index_users_on_reset_password_token' AND type='index'
[0m
  [1m[35m (0.2ms)[0m              SELECT sql
            FROM sqlite_master
            WHERE name='index_users_on_email' AND type='index'
            UNION ALL
            SELECT sql
            FROM sqlite_temp_master
            WHERE name='index_users_on_email' AND type='index'



Started GET "/" for 98.167.46.192 at 2017-10-26 18:33:16 +0000
Cannot render console from 98.167.46.192! Allowed networks: 127.0.0.1, ::1, 127.0.0.0/127.255.255.255
  [1m[36mActiveRecord::SchemaMigration Load (0.1ms)[0m  [1mSELECT "schema_migrations".* FROM "schema_migrations"[0m
Processing by Rails::WelcomeController#index as HTML
  Rendered /usr/local/rvm/gems/ruby-2.3.4/gems/railties-4.2.8/lib/rails/templates/rails/welcome/index.html.erb (2.0ms)
Completed 200 OK in 21ms (Views: 11.9ms | ActiveRecord: 0.0ms)


Started GET "/" for 98.167.46.192 at 2017-10-26 18:40:51 +0000
Cannot render console from 98.167.46.192! Allowed networks: 127.0.0.1, ::1, 127.0.0.0/127.255.255.255
  [1m[36mActiveRecord::SchemaMigration Load (0.1ms)[0m  [1mSELECT "schema_migrations".* FROM "schema_migrations"[0m

AbstractController::ActionNotFound (The action 'index' could not be found for WelcomeController):
  actionpack (4.2.8) lib/abstract_controller/base.rb:132:in `process'
  actionview (4.2.8) lib/action_view/rendering.rb:30:in `process'
  actionpack (4.2.8) lib/action_controller/metal.rb:196:in `dispatch'
  actionpack (4.2.8) lib/action_controller/metal/rack_delegation.rb:13:in `dispatch'
  actionpack (4.2.8) lib/action_controller/metal.rb:237:in `block in action'
  actionpack (4.2.8) lib/action_dispatch/routing/route_set.rb:74:in `dispatch'
  actionpack (4.2.8) lib/action_dispatch/routing/route_set.rb:43:in `serve'
  actionpack (4.2.8) lib/action_dispatch/journey/router.rb:43:in `block in serve'
  actionpack (4.2.8) lib/action_dispatch/journey/router.rb:30:in `each'
  actionpack (4.2.8) lib/action_dispatch/journey/router.rb:30:in `serve'
  actionpack (4.2.8) lib/action_dispatch/routing/route_set.rb:817:in `call'
  warden (1.2.7) lib/warden/manager.rb:36:in `block in call'
  warden (1.2.7) lib/warden/manager.rb:35:in `catch'
  warden (1.2.7) lib/warden/manager.rb:35:in `call'
  rack (1.6.8) lib/rack/etag.rb:24:in `call'
  rack (1.6.8) lib/rack/conditionalget.rb:25:in `call'
  rack (1.6.8) lib/rack/head.rb:13:in `call'
  actionpack (4.2.8) lib/action_dispatch/middleware/params_parser.rb:27:in `call'
  actionpack (4.2.8) lib/action_dispatch/middleware/flash.rb:260:in `call'
  rack (1.6.8) lib/rack/session/abstract/id.rb:225:in `context'
  rack (1.6.8) lib/rack/session/abstract/id.rb:220:in `call'
  actionpack (4.2.8) lib/action_dispatch/middleware/cookies.rb:560:in `call'
  activerecord (4.2.8) lib/active_record/query_cache.rb:36:in `call'
  activerecord (4.2.8) lib/active_record/connection_adapters/abstract/connection_pool.rb:653:in `call'
  activerecord (4.2.8) lib/active_record/migration.rb:377:in `call'
  actionpack (4.2.8) lib/action_dispatch/middleware/callbacks.rb:29:in `block in call'
  activesupport (4.2.8) lib/active_support/callbacks.rb:88:in `__run_callbacks__'
  activesupport (4.2.8) lib/active_support/callbacks.rb:778:in `_run_call_callbacks'
  activesupport (4.2.8) lib/active_support/callbacks.rb:81:in `run_callbacks'
  actionpack (4.2.8) lib/action_dispatch/middleware/callbacks.rb:27:in `call'
  actionpack (4.2.8) lib/action_dispatch/middleware/reloader.rb:73:in `call'
  actionpack (4.2.8) lib/action_dispatch/middleware/remote_ip.rb:78:in `call'
  actionpack (4.2.8) lib/action_dispatch/middleware/debug_exceptions.rb:17:in `call'
  web-console (2.3.0) lib/web_console/middleware.rb:20:in `block in call'
  web-console (2.3.0) lib/web_console/middleware.rb:18:in `catch'
  web-console (2.3.0) lib/web_console/middleware.rb:18:in `call'
  actionpack (4.2.8) lib/action_dispatch/middleware/show_exceptions.rb:30:in `call'
  railties (4.2.8) lib/rails/rack/logger.rb:38:in `call_app'
  railties (4.2.8) lib/rails/rack/logger.rb:20:in `block in call'
  activesupport (4.2.8) lib/active_support/tagged_logging.rb:68:in `block in tagged'
  activesupport (4.2.8) lib/active_support/tagged_logging.rb:26:in `tagged'
  activesupport (4.2.8) lib/active_support/tagged_logging.rb:68:in `tagged'
  railties (4.2.8) lib/rails/rack/logger.rb:20:in `call'
  actionpack (4.2.8) lib/action_dispatch/middleware/request_id.rb:21:in `call'
  rack (1.6.8) lib/rack/methodoverride.rb:22:in `call'
  rack (1.6.8) lib/rack/runtime.rb:18:in `call'
  activesupport (4.2.8) lib/active_support/cache/strategy/local_cache_middleware.rb:28:in `call'
  rack (1.6.8) lib/rack/lock.rb:17:in `call'
  actionpack (4.2.8) lib/action_dispatch/middleware/static.rb:120:in `call'
  rack (1.6.8) lib/rack/sendfile.rb:113:in `call'
  railties (4.2.8) lib/rails/engine.rb:518:in `call'
  railties (4.2.8) lib/rails/application.rb:165:in `call'
  rack (1.6.8) lib/rack/lock.rb:17:in `call'
  rack (1.6.8) lib/rack/content_length.rb:15:in `call'
  rack (1.6.8) lib/rack/handler/webrick.rb:88:in `service'
  /usr/local/rvm/rubies/ruby-2.3.4/lib/ruby/2.3.0/webrick/httpserver.rb:140:in `service'
  /usr/local/rvm/rubies/ruby-2.3.4/lib/ruby/2.3.0/webrick/httpserver.rb:96:in `run'
  /usr/local/rvm/rubies/ruby-2.3.4/lib/ruby/2.3.0/webrick/server.rb:296:in `block in start_thread'


  Rendered /usr/local/rvm/gems/ruby-2.3.4/gems/actionpack-4.2.8/lib/action_dispatch/middleware/templates/rescues/unknown_action.html.erb within rescues/layout (2.4ms)


Started GET "/" for 98.167.46.192 at 2017-10-26 18:41:23 +0000
Cannot render console from 98.167.46.192! Allowed networks: 127.0.0.1, ::1, 127.0.0.0/127.255.255.255
Processing by WelcomeController#index as HTML
Completed 500 Internal Server Error in 14ms (ActiveRecord: 0.0ms)

ActionView::MissingTemplate (Missing template welcome/index, application/index with {:locale=>[:en], :formats=>[:html], :variants=>[], :handlers=>[:erb, :builder, :raw, :ruby, :coffee]}. Searched in:
  * "/home/ubuntu/workspace/app/views"
  * "/usr/local/rvm/gems/ruby-2.3.4/gems/devise-4.1.0/app/views"
):
  actionview (4.2.8) lib/action_view/path_set.rb:46:in `find'
  actionview (4.2.8) lib/action_view/lookup_context.rb:121:in `find'
  actionview (4.2.8) lib/action_view/renderer/abstract_renderer.rb:18:in `find_template'
  actionview (4.2.8) lib/action_view/renderer/template_renderer.rb:40:in `determine_template'
  actionview (4.2.8) lib/action_view/renderer/template_renderer.rb:8:in `render'
  actionview (4.2.8) lib/action_view/renderer/renderer.rb:46:in `render_template'
  actionview (4.2.8) lib/action_view/renderer/renderer.rb:27:in `render'
  actionview (4.2.8) lib/action_view/rendering.rb:100:in `_render_template'
  actionpack (4.2.8) lib/action_controller/metal/streaming.rb:217:in `_render_template'
  actionview (4.2.8) lib/action_view/rendering.rb:83:in `render_to_body'
  actionpack (4.2.8) lib/action_controller/metal/rendering.rb:32:in `render_to_body'
  actionpack (4.2.8) lib/action_controller/metal/renderers.rb:37:in `render_to_body'
  actionpack (4.2.8) lib/abstract_controller/rendering.rb:25:in `render'
  actionpack (4.2.8) lib/action_controller/metal/rendering.rb:16:in `render'
  actionpack (4.2.8) lib/action_controller/metal/instrumentation.rb:44:in `block (2 levels) in render'
  activesupport (4.2.8) lib/active_support/core_ext/benchmark.rb:12:in `block in ms'
  /usr/local/rvm/rubies/ruby-2.3.4/lib/ruby/2.3.0/benchmark.rb:308:in `realtime'
  activesupport (4.2.8) lib/active_support/core_ext/benchmark.rb:12:in `ms'
  actionpack (4.2.8) lib/action_controller/metal/instrumentation.rb:44:in `block in render'
  actionpack (4.2.8) lib/action_controller/metal/instrumentation.rb:87:in `cleanup_view_runtime'
  activerecord (4.2.8) lib/active_record/railties/controller_runtime.rb:25:in `cleanup_view_runtime'
  actionpack (4.2.8) lib/action_controller/metal/instrumentation.rb:43:in `render'
  actionpack (4.2.8) lib/action_controller/metal/implicit_render.rb:10:in `default_render'
  actionpack (4.2.8) lib/action_controller/metal/implicit_render.rb:5:in `send_action'
  actionpack (4.2.8) lib/abstract_controller/base.rb:198:in `process_action'
  actionpack (4.2.8) lib/action_controller/metal/rendering.rb:10:in `process_action'
  actionpack (4.2.8) lib/abstract_controller/callbacks.rb:20:in `block in process_action'
  activesupport (4.2.8) lib/active_support/callbacks.rb:117:in `call'
  activesupport (4.2.8) lib/active_support/callbacks.rb:555:in `block (2 levels) in compile'
  activesupport (4.2.8) lib/active_support/callbacks.rb:505:in `call'
  activesupport (4.2.8) lib/active_support/callbacks.rb:92:in `__run_callbacks__'
  activesupport (4.2.8) lib/active_support/callbacks.rb:778:in `_run_process_action_callbacks'
  activesupport (4.2.8) lib/active_support/callbacks.rb:81:in `run_callbacks'
  actionpack (4.2.8) lib/abstract_controller/callbacks.rb:19:in `process_action'
  actionpack (4.2.8) lib/action_controller/metal/rescue.rb:29:in `process_action'
  actionpack (4.2.8) lib/action_controller/metal/instrumentation.rb:32:in `block in process_action'
  activesupport (4.2.8) lib/active_support/notifications.rb:164:in `block in instrument'
  activesupport (4.2.8) lib/active_support/notifications/instrumenter.rb:20:in `instrument'
  activesupport (4.2.8) lib/active_support/notifications.rb:164:in `instrument'
  actionpack (4.2.8) lib/action_controller/metal/instrumentation.rb:30:in `process_action'
  actionpack (4.2.8) lib/action_controller/metal/params_wrapper.rb:250:in `process_action'
  activerecord (4.2.8) lib/active_record/railties/controller_runtime.rb:18:in `process_action'
  actionpack (4.2.8) lib/abstract_controller/base.rb:137:in `process'
  actionview (4.2.8) lib/action_view/rendering.rb:30:in `process'
  actionpack (4.2.8) lib/action_controller/metal.rb:196:in `dispatch'
  actionpack (4.2.8) lib/action_controller/metal/rack_delegation.rb:13:in `dispatch'
  actionpack (4.2.8) lib/action_controller/metal.rb:237:in `block in action'
  actionpack (4.2.8) lib/action_dispatch/routing/route_set.rb:74:in `dispatch'
  actionpack (4.2.8) lib/action_dispatch/routing/route_set.rb:43:in `serve'
  actionpack (4.2.8) lib/action_dispatch/journey/router.rb:43:in `block in serve'
  actionpack (4.2.8) lib/action_dispatch/journey/router.rb:30:in `each'
  actionpack (4.2.8) lib/action_dispatch/journey/router.rb:30:in `serve'
  actionpack (4.2.8) lib/action_dispatch/routing/route_set.rb:817:in `call'
  warden (1.2.7) lib/warden/manager.rb:36:in `block in call'
  warden (1.2.7) lib/warden/manager.rb:35:in `catch'
  warden (1.2.7) lib/warden/manager.rb:35:in `call'
  rack (1.6.8) lib/rack/etag.rb:24:in `call'
  rack (1.6.8) lib/rack/conditionalget.rb:25:in `call'
  rack (1.6.8) lib/rack/head.rb:13:in `call'
  actionpack (4.2.8) lib/action_dispatch/middleware/params_parser.rb:27:in `call'
  actionpack (4.2.8) lib/action_dispatch/middleware/flash.rb:260:in `call'
  rack (1.6.8) lib/rack/session/abstract/id.rb:225:in `context'
  rack (1.6.8) lib/rack/session/abstract/id.rb:220:in `call'
  actionpack (4.2.8) lib/action_dispatch/middleware/cookies.rb:560:in `call'
  activerecord (4.2.8) lib/active_record/query_cache.rb:36:in `call'
  activerecord (4.2.8) lib/active_record/connection_adapters/abstract/connection_pool.rb:653:in `call'
  activerecord (4.2.8) lib/active_record/migration.rb:377:in `call'
  actionpack (4.2.8) lib/action_dispatch/middleware/callbacks.rb:29:in `block in call'
  activesupport (4.2.8) lib/active_support/callbacks.rb:88:in `__run_callbacks__'
  activesupport (4.2.8) lib/active_support/callbacks.rb:778:in `_run_call_callbacks'
  activesupport (4.2.8) lib/active_support/callbacks.rb:81:in `run_callbacks'
  actionpack (4.2.8) lib/action_dispatch/middleware/callbacks.rb:27:in `call'
  actionpack (4.2.8) lib/action_dispatch/middleware/reloader.rb:73:in `call'
  actionpack (4.2.8) lib/action_dispatch/middleware/remote_ip.rb:78:in `call'
  actionpack (4.2.8) lib/action_dispatch/middleware/debug_exceptions.rb:17:in `call'
  web-console (2.3.0) lib/web_console/middleware.rb:20:in `block in call'
  web-console (2.3.0) lib/web_console/middleware.rb:18:in `catch'
  web-console (2.3.0) lib/web_console/middleware.rb:18:in `call'
  actionpack (4.2.8) lib/action_dispatch/middleware/show_exceptions.rb:30:in `call'
  railties (4.2.8) lib/rails/rack/logger.rb:38:in `call_app'
  railties (4.2.8) lib/rails/rack/logger.rb:20:in `block in call'
  activesupport (4.2.8) lib/active_support/tagged_logging.rb:68:in `block in tagged'
  activesupport (4.2.8) lib/active_support/tagged_logging.rb:26:in `tagged'
  activesupport (4.2.8) lib/active_support/tagged_logging.rb:68:in `tagged'
  railties (4.2.8) lib/rails/rack/logger.rb:20:in `call'
  actionpack (4.2.8) lib/action_dispatch/middleware/request_id.rb:21:in `call'
  rack (1.6.8) lib/rack/methodoverride.rb:22:in `call'
  rack (1.6.8) lib/rack/runtime.rb:18:in `call'
  activesupport (4.2.8) lib/active_support/cache/strategy/local_cache_middleware.rb:28:in `call'
  rack (1.6.8) lib/rack/lock.rb:17:in `call'
  actionpack (4.2.8) lib/action_dispatch/middleware/static.rb:120:in `call'
  rack (1.6.8) lib/rack/sendfile.rb:113:in `call'
  railties (4.2.8) lib/rails/engine.rb:518:in `call'
  railties (4.2.8) lib/rails/application.rb:165:in `call'
  rack (1.6.8) lib/rack/lock.rb:17:in `call'
  rack (1.6.8) lib/rack/content_length.rb:15:in `call'
  rack (1.6.8) lib/rack/handler/webrick.rb:88:in `service'
  /usr/local/rvm/rubies/ruby-2.3.4/lib/ruby/2.3.0/webrick/httpserver.rb:140:in `service'
  /usr/local/rvm/rubies/ruby-2.3.4/lib/ruby/2.3.0/webrick/httpserver.rb:96:in `run'
  /usr/local/rvm/rubies/ruby-2.3.4/lib/ruby/2.3.0/webrick/server.rb:296:in `block in start_thread'


  Rendered /usr/local/rvm/gems/ruby-2.3.4/gems/actionpack-4.2.8/lib/action_dispatch/middleware/templates/rescues/_source.erb (4.5ms)
  Rendered /usr/local/rvm/gems/ruby-2.3.4/gems/actionpack-4.2.8/lib/action_dispatch/middleware/templates/rescues/_trace.html.erb (2.1ms)
  Rendered /usr/local/rvm/gems/ruby-2.3.4/gems/actionpack-4.2.8/lib/action_dispatch/middleware/templates/rescues/_request_and_response.html.erb (1.1ms)
  Rendered /usr/local/rvm/gems/ruby-2.3.4/gems/actionpack-4.2.8/lib/action_dispatch/middleware/templates/rescues/missing_template.html.erb within rescues/layout (30.4ms)


Started GET "/" for 98.167.46.192 at 2017-10-26 19:12:43 +0000
Cannot render console from 98.167.46.192! Allowed networks: 127.0.0.1, ::1, 127.0.0.0/127.255.255.255
  [1m[36mActiveRecord::SchemaMigration Load (0.1ms)[0m  [1mSELECT "schema_migrations".* FROM "schema_migrations"[0m
Processing by WelcomeController#index as HTML
Completed 500 Internal Server Error in 21ms (ActiveRecord: 0.0ms)

ActionView::MissingTemplate (Missing template welcome/index, application/index with {:locale=>[:en], :formats=>[:html], :variants=>[], :handlers=>[:erb, :builder, :raw, :ruby, :coffee]}. Searched in:
  * "/home/ubuntu/workspace/app/views"
  * "/usr/local/rvm/gems/ruby-2.3.4/gems/devise-4.1.0/app/views"
):
  actionview (4.2.8) lib/action_view/path_set.rb:46:in `find'
  actionview (4.2.8) lib/action_view/lookup_context.rb:121:in `find'
  actionview (4.2.8) lib/action_view/renderer/abstract_renderer.rb:18:in `find_template'
  actionview (4.2.8) lib/action_view/renderer/template_renderer.rb:40:in `determine_template'
  actionview (4.2.8) lib/action_view/renderer/template_renderer.rb:8:in `render'
  actionview (4.2.8) lib/action_view/renderer/renderer.rb:46:in `render_template'
  actionview (4.2.8) lib/action_view/renderer/renderer.rb:27:in `render'
  actionview (4.2.8) lib/action_view/rendering.rb:100:in `_render_template'
  actionpack (4.2.8) lib/action_controller/metal/streaming.rb:217:in `_render_template'
  actionview (4.2.8) lib/action_view/rendering.rb:83:in `render_to_body'
  actionpack (4.2.8) lib/action_controller/metal/rendering.rb:32:in `render_to_body'
  actionpack (4.2.8) lib/action_controller/metal/renderers.rb:37:in `render_to_body'
  actionpack (4.2.8) lib/abstract_controller/rendering.rb:25:in `render'
  actionpack (4.2.8) lib/action_controller/metal/rendering.rb:16:in `render'
  actionpack (4.2.8) lib/action_controller/metal/instrumentation.rb:44:in `block (2 levels) in render'
  activesupport (4.2.8) lib/active_support/core_ext/benchmark.rb:12:in `block in ms'
  /usr/local/rvm/rubies/ruby-2.3.4/lib/ruby/2.3.0/benchmark.rb:308:in `realtime'
  activesupport (4.2.8) lib/active_support/core_ext/benchmark.rb:12:in `ms'
  actionpack (4.2.8) lib/action_controller/metal/instrumentation.rb:44:in `block in render'
  actionpack (4.2.8) lib/action_controller/metal/instrumentation.rb:87:in `cleanup_view_runtime'
  activerecord (4.2.8) lib/active_record/railties/controller_runtime.rb:25:in `cleanup_view_runtime'
  actionpack (4.2.8) lib/action_controller/metal/instrumentation.rb:43:in `render'
  actionpack (4.2.8) lib/action_controller/metal/implicit_render.rb:10:in `default_render'
  actionpack (4.2.8) lib/action_controller/metal/implicit_render.rb:5:in `send_action'
  actionpack (4.2.8) lib/abstract_controller/base.rb:198:in `process_action'
  actionpack (4.2.8) lib/action_controller/metal/rendering.rb:10:in `process_action'
  actionpack (4.2.8) lib/abstract_controller/callbacks.rb:20:in `block in process_action'
  activesupport (4.2.8) lib/active_support/callbacks.rb:117:in `call'
  activesupport (4.2.8) lib/active_support/callbacks.rb:555:in `block (2 levels) in compile'
  activesupport (4.2.8) lib/active_support/callbacks.rb:505:in `call'
  activesupport (4.2.8) lib/active_support/callbacks.rb:92:in `__run_callbacks__'
  activesupport (4.2.8) lib/active_support/callbacks.rb:778:in `_run_process_action_callbacks'
  activesupport (4.2.8) lib/active_support/callbacks.rb:81:in `run_callbacks'
  actionpack (4.2.8) lib/abstract_controller/callbacks.rb:19:in `process_action'
  actionpack (4.2.8) lib/action_controller/metal/rescue.rb:29:in `process_action'
  actionpack (4.2.8) lib/action_controller/metal/instrumentation.rb:32:in `block in process_action'
  activesupport (4.2.8) lib/active_support/notifications.rb:164:in `block in instrument'
  activesupport (4.2.8) lib/active_support/notifications/instrumenter.rb:20:in `instrument'
  activesupport (4.2.8) lib/active_support/notifications.rb:164:in `instrument'
  actionpack (4.2.8) lib/action_controller/metal/instrumentation.rb:30:in `process_action'
  actionpack (4.2.8) lib/action_controller/metal/params_wrapper.rb:250:in `process_action'
  activerecord (4.2.8) lib/active_record/railties/controller_runtime.rb:18:in `process_action'
  actionpack (4.2.8) lib/abstract_controller/base.rb:137:in `process'
  actionview (4.2.8) lib/action_view/rendering.rb:30:in `process'
  actionpack (4.2.8) lib/action_controller/metal.rb:196:in `dispatch'
  actionpack (4.2.8) lib/action_controller/metal/rack_delegation.rb:13:in `dispatch'
  actionpack (4.2.8) lib/action_controller/metal.rb:237:in `block in action'
  actionpack (4.2.8) lib/action_dispatch/routing/route_set.rb:74:in `dispatch'
  actionpack (4.2.8) lib/action_dispatch/routing/route_set.rb:43:in `serve'
  actionpack (4.2.8) lib/action_dispatch/journey/router.rb:43:in `block in serve'
  actionpack (4.2.8) lib/action_dispatch/journey/router.rb:30:in `each'
  actionpack (4.2.8) lib/action_dispatch/journey/router.rb:30:in `serve'
  actionpack (4.2.8) lib/action_dispatch/routing/route_set.rb:817:in `call'
  warden (1.2.7) lib/warden/manager.rb:36:in `block in call'
  warden (1.2.7) lib/warden/manager.rb:35:in `catch'
  warden (1.2.7) lib/warden/manager.rb:35:in `call'
  rack (1.6.8) lib/rack/etag.rb:24:in `call'
  rack (1.6.8) lib/rack/conditionalget.rb:25:in `call'
  rack (1.6.8) lib/rack/head.rb:13:in `call'
  actionpack (4.2.8) lib/action_dispatch/middleware/params_parser.rb:27:in `call'
  actionpack (4.2.8) lib/action_dispatch/middleware/flash.rb:260:in `call'
  rack (1.6.8) lib/rack/session/abstract/id.rb:225:in `context'
  rack (1.6.8) lib/rack/session/abstract/id.rb:220:in `call'
  actionpack (4.2.8) lib/action_dispatch/middleware/cookies.rb:560:in `call'
  activerecord (4.2.8) lib/active_record/query_cache.rb:36:in `call'
  activerecord (4.2.8) lib/active_record/connection_adapters/abstract/connection_pool.rb:653:in `call'
  activerecord (4.2.8) lib/active_record/migration.rb:377:in `call'
  actionpack (4.2.8) lib/action_dispatch/middleware/callbacks.rb:29:in `block in call'
  activesupport (4.2.8) lib/active_support/callbacks.rb:88:in `__run_callbacks__'
  activesupport (4.2.8) lib/active_support/callbacks.rb:778:in `_run_call_callbacks'
  activesupport (4.2.8) lib/active_support/callbacks.rb:81:in `run_callbacks'
  actionpack (4.2.8) lib/action_dispatch/middleware/callbacks.rb:27:in `call'
  actionpack (4.2.8) lib/action_dispatch/middleware/reloader.rb:73:in `call'
  actionpack (4.2.8) lib/action_dispatch/middleware/remote_ip.rb:78:in `call'
  actionpack (4.2.8) lib/action_dispatch/middleware/debug_exceptions.rb:17:in `call'
  web-console (2.3.0) lib/web_console/middleware.rb:20:in `block in call'
  web-console (2.3.0) lib/web_console/middleware.rb:18:in `catch'
  web-console (2.3.0) lib/web_console/middleware.rb:18:in `call'
  actionpack (4.2.8) lib/action_dispatch/middleware/show_exceptions.rb:30:in `call'
  railties (4.2.8) lib/rails/rack/logger.rb:38:in `call_app'
  railties (4.2.8) lib/rails/rack/logger.rb:20:in `block in call'
  activesupport (4.2.8) lib/active_support/tagged_logging.rb:68:in `block in tagged'
  activesupport (4.2.8) lib/active_support/tagged_logging.rb:26:in `tagged'
  activesupport (4.2.8) lib/active_support/tagged_logging.rb:68:in `tagged'
  railties (4.2.8) lib/rails/rack/logger.rb:20:in `call'
  actionpack (4.2.8) lib/action_dispatch/middleware/request_id.rb:21:in `call'
  rack (1.6.8) lib/rack/methodoverride.rb:22:in `call'
  rack (1.6.8) lib/rack/runtime.rb:18:in `call'
  activesupport (4.2.8) lib/active_support/cache/strategy/local_cache_middleware.rb:28:in `call'
  rack (1.6.8) lib/rack/lock.rb:17:in `call'
  actionpack (4.2.8) lib/action_dispatch/middleware/static.rb:120:in `call'
  rack (1.6.8) lib/rack/sendfile.rb:113:in `call'
  railties (4.2.8) lib/rails/engine.rb:518:in `call'
  railties (4.2.8) lib/rails/application.rb:165:in `call'
  rack (1.6.8) lib/rack/lock.rb:17:in `call'
  rack (1.6.8) lib/rack/content_length.rb:15:in `call'
  rack (1.6.8) lib/rack/handler/webrick.rb:88:in `service'
  /usr/local/rvm/rubies/ruby-2.3.4/lib/ruby/2.3.0/webrick/httpserver.rb:140:in `service'
  /usr/local/rvm/rubies/ruby-2.3.4/lib/ruby/2.3.0/webrick/httpserver.rb:96:in `run'
  /usr/local/rvm/rubies/ruby-2.3.4/lib/ruby/2.3.0/webrick/server.rb:296:in `block in start_thread'


  Rendered /usr/local/rvm/gems/ruby-2.3.4/gems/actionpack-4.2.8/lib/action_dispatch/middleware/templates/rescues/_source.erb (10.3ms)
  Rendered /usr/local/rvm/gems/ruby-2.3.4/gems/actionpack-4.2.8/lib/action_dispatch/middleware/templates/rescues/_trace.html.erb (4.9ms)
  Rendered /usr/local/rvm/gems/ruby-2.3.4/gems/actionpack-4.2.8/lib/action_dispatch/middleware/templates/rescues/_request_and_response.html.erb (1.5ms)
  Rendered /usr/local/rvm/gems/ruby-2.3.4/gems/actionpack-4.2.8/lib/action_dispatch/middleware/templates/rescues/missing_template.html.erb within rescues/layout (41.6ms)


Started GET "/" for 98.167.46.192 at 2017-10-26 19:16:27 +0000
Cannot render console from 98.167.46.192! Allowed networks: 127.0.0.1, ::1, 127.0.0.0/127.255.255.255
Processing by WelcomeController#index as HTML
  Rendered welcome/index.html.erb within layouts/application (0.4ms)
Completed 200 OK in 4868ms (Views: 4867.7ms | ActiveRecord: 0.0ms)


Started GET "/assets/welcome.self-e3b0c44298fc1c149afbf4c8996fb92427ae41e4649b934ca495991b7852b855.css?body=1" for 98.167.46.192 at 2017-10-26 19:16:32 +0000
Cannot render console from 98.167.46.192! Allowed networks: 127.0.0.1, ::1, 127.0.0.0/127.255.255.255


Started GET "/assets/application.self-cb302c7642ff5e04e6ef4e9a397c1a5e635d3d55a40a84d07d5d666ff6948be4.css?body=1" for 98.167.46.192 at 2017-10-26 19:16:32 +0000
Cannot render console from 98.167.46.192! Allowed networks: 127.0.0.1, ::1, 127.0.0.0/127.255.255.255


Started GET "/assets/jquery.self-bd7ddd393353a8d2480a622e80342adf488fb6006d667e8b42e4c0073393abee.js?body=1" for 98.167.46.192 at 2017-10-26 19:16:32 +0000
Cannot render console from 98.167.46.192! Allowed networks: 127.0.0.1, ::1, 127.0.0.0/127.255.255.255


Started GET "/assets/jquery_ujs.self-784a997f6726036b1993eb2217c9cb558e1cbb801c6da88105588c56f13b466a.js?body=1" for 98.167.46.192 at 2017-10-26 19:16:32 +0000
Cannot render console from 98.167.46.192! Allowed networks: 127.0.0.1, ::1, 127.0.0.0/127.255.255.255


Started GET "/assets/welcome.self-877aef30ae1b040ab8a3aba4e3e309a11d7f2612f44dde450b5c157aa5f95c05.js?body=1" for 98.167.46.192 at 2017-10-26 19:16:32 +0000
Cannot render console from 98.167.46.192! Allowed networks: 127.0.0.1, ::1, 127.0.0.0/127.255.255.255


Started GET "/assets/turbolinks.self-1d1fddf91adc38ac2045c51f0a3e05ca97d07d24d15a4dcbf705009106489e69.js?body=1" for 98.167.46.192 at 2017-10-26 19:16:32 +0000
Cannot render console from 98.167.46.192! Allowed networks: 127.0.0.1, ::1, 127.0.0.0/127.255.255.255


Started GET "/assets/application.self-3b8dabdc891efe46b9a144b400ad69e37d7e5876bdc39dee783419a69d7ca819.js?body=1" for 98.167.46.192 at 2017-10-26 19:16:32 +0000
Cannot render console from 98.167.46.192! Allowed networks: 127.0.0.1, ::1, 127.0.0.0/127.255.255.255


Started GET "/" for 98.167.46.192 at 2017-10-26 19:29:45 +0000
Cannot render console from 98.167.46.192! Allowed networks: 127.0.0.1, ::1, 127.0.0.0/127.255.255.255
Processing by WelcomeController#index as HTML
  Rendered welcome/index.html.erb within layouts/application (0.1ms)
Completed 200 OK in 45ms (Views: 44.0ms | ActiveRecord: 0.0ms)


Started GET "/users/sign_up" for 98.167.46.192 at 2017-10-26 19:29:48 +0000
Cannot render console from 98.167.46.192! Allowed networks: 127.0.0.1, ::1, 127.0.0.0/127.255.255.255
Processing by Devise::RegistrationsController#new as HTML
  Rendered devise/shared/_links.html.erb (1.5ms)
  Rendered devise/registrations/new.html.erb within layouts/application (588.7ms)
Completed 200 OK in 636ms (Views: 620.6ms | ActiveRecord: 0.5ms)


Started POST "/users" for 98.167.46.192 at 2017-10-26 19:29:59 +0000
Cannot render console from 98.167.46.192! Allowed networks: 127.0.0.1, ::1, 127.0.0.0/127.255.255.255
Processing by Devise::RegistrationsController#create as HTML
  Parameters: {"utf8"=>"✓", "authenticity_token"=>"YWFThtlLP/YbyNjmNAPvPdDvgKkAkmZtQrPFA4MzT1C6dS7SVA8ZPyg5FwlpybHYn+uVOVdzQ4SlRQto7sUjtg==", "user"=>{"email"=>"skepts@gmail.com", "password"=>"[FILTERED]", "password_confirmation"=>"[FILTERED]"}, "commit"=>"Sign up"}
  [1m[35m (0.2ms)[0m  begin transaction
  [1m[36mUser Exists (0.3ms)[0m  [1mSELECT  1 AS one FROM "users" WHERE "users"."email" = 'skepts@gmail.com' LIMIT 1[0m
  [1m[35mSQL (3.0ms)[0m  INSERT INTO "users" ("email", "encrypted_password", "created_at", "updated_at") VALUES (?, ?, ?, ?)  [["email", "skepts@gmail.com"], ["encrypted_password", "$2a$11$gvyoIFeJwTL58MHQfaaEguFytQ.x5x5baWQP5npcTV.H4stZAwcbe"], ["created_at", "2017-10-26 19:29:59.839019"], ["updated_at", "2017-10-26 19:29:59.839019"]]
DEPRECATION WARNING: `#deliver` is deprecated and will be removed in Rails 5. Use `#deliver_now` to deliver immediately or `#deliver_later` to deliver through Active Job. (called from send_admin_mail at /home/ubuntu/workspace/app/models/user.rb:10)
  Rendered favorite_mailer/new_user.html.erb within layouts/mailer (1.2ms)

FavoriteMailer#new_user: processed outbound mail in 200.1ms

Sent mail to skepts@gmail.com (805.9ms)
Date: Thu, 26 Oct 2017 19:30:00 +0000
From: skepts@gmail.com
To: skepts@gmail.com
Message-ID: skepts@gmail.com
In-Reply-To: skepts@gmail.com
References: skepts@gmail.com
Subject: Welcome to Blocmetrics!
Mime-Version: 1.0
Content-Type: text/html;
 charset=UTF-8
Content-Transfer-Encoding: 7bit

<html>
  <body>
     <!DOCTYPE html>
 <html>
   <head>
     <meta content="text/html; charset=UTF-8" http-equiv="Content-Type" />
   </head>
   <body>
     <h1>Welcome to Blocmetrics skepts@gmail.com</h1>
     <p>Want to know more stuff than anyone else? Us too.</p>

     <p>
       <a href="http://blocmetrics-rt.herokuapp.com//users/sign_in">Lets get this party started</a>
     </p>
   </body>
 </html>
  </body>
</html>

  [1m[36m (0.2ms)[0m  [1mrollback transaction[0m
Completed 500 Internal Server Error in 1319ms (ActiveRecord: 3.7ms)

Net::SMTPFatalError (554 Sandbox subdomains are for test purposes only. Please add your own domain or add the address to authorized recipients in Account Settings.
):
  app/models/user.rb:10:in `send_admin_mail'


  Rendered /usr/local/rvm/gems/ruby-2.3.4/gems/actionpack-4.2.8/lib/action_dispatch/middleware/templates/rescues/_source.erb (5.8ms)
  Rendered /usr/local/rvm/gems/ruby-2.3.4/gems/actionpack-4.2.8/lib/action_dispatch/middleware/templates/rescues/_trace.html.erb (2.6ms)
  Rendered /usr/local/rvm/gems/ruby-2.3.4/gems/actionpack-4.2.8/lib/action_dispatch/middleware/templates/rescues/_request_and_response.html.erb (1.1ms)
  Rendered /usr/local/rvm/gems/ruby-2.3.4/gems/actionpack-4.2.8/lib/action_dispatch/middleware/templates/rescues/diagnostics.html.erb within rescues/layout (29.0ms)


Started POST "/users" for 98.167.46.192 at 2017-10-26 19:32:48 +0000
Cannot render console from 98.167.46.192! Allowed networks: 127.0.0.1, ::1, 127.0.0.0/127.255.255.255
Processing by Devise::RegistrationsController#create as HTML
  Parameters: {"utf8"=>"✓", "authenticity_token"=>"JaNiD6x/jgHBCky9Lb4aT1gE261Ff+R4CENsHCHfVBX+tx9bITuoyPL7g1JwdESqFwDOPRKewZHvtaJ3TCk48w==", "user"=>{"email"=>"skepts@gmail.com", "password"=>"[FILTERED]", "password_confirmation"=>"[FILTERED]"}, "commit"=>"Sign up"}
  [1m[35m (0.2ms)[0m  begin transaction
  [1m[36mUser Exists (0.3ms)[0m  [1mSELECT  1 AS one FROM "users" WHERE "users"."email" = 'skepts@gmail.com' LIMIT 1[0m
  [1m[35mSQL (0.3ms)[0m  INSERT INTO "users" ("email", "encrypted_password", "created_at", "updated_at") VALUES (?, ?, ?, ?)  [["email", "skepts@gmail.com"], ["encrypted_password", "$2a$11$wRrCBXtepDJ.7ho3xI.wxugB4.mLSsF47Ahakh7Urdt0ofQfvbicO"], ["created_at", "2017-10-26 19:32:48.931934"], ["updated_at", "2017-10-26 19:32:48.931934"]]
DEPRECATION WARNING: `#deliver` is deprecated and will be removed in Rails 5. Use `#deliver_now` to deliver immediately or `#deliver_later` to deliver through Active Job. (called from send_admin_mail at /home/ubuntu/workspace/app/models/user.rb:10)
  Rendered favorite_mailer/new_user.html.erb within layouts/mailer (0.4ms)

FavoriteMailer#new_user: processed outbound mail in 6.5ms

Sent mail to skepts@gmail.com (866.3ms)
Date: Thu, 26 Oct 2017 19:32:48 +0000
From: skepts@gmail.com
To: skepts@gmail.com
Message-ID: skepts@gmail.com
In-Reply-To: skepts@gmail.com
References: skepts@gmail.com
Subject: Welcome to Blocmetrics!
Mime-Version: 1.0
Content-Type: text/html;
 charset=UTF-8
Content-Transfer-Encoding: 7bit

<html>
  <body>
     <!DOCTYPE html>
 <html>
   <head>
     <meta content="text/html; charset=UTF-8" http-equiv="Content-Type" />
   </head>
   <body>
     <h1>Welcome to Blocmetrics skepts@gmail.com</h1>
     <p>Want to know more stuff than anyone else? Us too.</p>

     <p>
       <a href="http://blocmetrics-rt.herokuapp.com//users/sign_in">Lets get this party started</a>
     </p>
   </body>
 </html>
  </body>
</html>

  [1m[36m (0.5ms)[0m  [1mrollback transaction[0m
Completed 500 Internal Server Error in 1016ms (ActiveRecord: 1.2ms)

Net::SMTPFatalError (554 Sandbox subdomains are for test purposes only. Please add your own domain or add the address to authorized recipients in Account Settings.
):
  app/models/user.rb:10:in `send_admin_mail'


  Rendered /usr/local/rvm/gems/ruby-2.3.4/gems/actionpack-4.2.8/lib/action_dispatch/middleware/templates/rescues/_source.erb (6.6ms)
  Rendered /usr/local/rvm/gems/ruby-2.3.4/gems/actionpack-4.2.8/lib/action_dispatch/middleware/templates/rescues/_trace.html.erb (2.9ms)
  Rendered /usr/local/rvm/gems/ruby-2.3.4/gems/actionpack-4.2.8/lib/action_dispatch/middleware/templates/rescues/_request_and_response.html.erb (1.3ms)
  Rendered /usr/local/rvm/gems/ruby-2.3.4/gems/actionpack-4.2.8/lib/action_dispatch/middleware/templates/rescues/diagnostics.html.erb within rescues/layout (29.6ms)


Started GET "/" for 98.167.46.192 at 2017-10-26 21:12:02 +0000
Cannot render console from 98.167.46.192! Allowed networks: 127.0.0.1, ::1, 127.0.0.0/127.255.255.255
  [1m[36mActiveRecord::SchemaMigration Load (0.1ms)[0m  [1mSELECT "schema_migrations".* FROM "schema_migrations"[0m
Processing by WelcomeController#index as HTML
  Rendered welcome/index.html.erb within layouts/application (1.7ms)
Completed 200 OK in 355ms (Views: 346.3ms | ActiveRecord: 0.0ms)


Started GET "/users/sign_up" for 98.167.46.192 at 2017-10-26 21:12:15 +0000
Cannot render console from 98.167.46.192! Allowed networks: 127.0.0.1, ::1, 127.0.0.0/127.255.255.255
Processing by Devise::RegistrationsController#new as HTML
  Rendered devise/shared/_links.html.erb (1.2ms)
  Rendered devise/registrations/new.html.erb within layouts/application (456.4ms)
Completed 200 OK in 507ms (Views: 482.5ms | ActiveRecord: 0.5ms)


Started POST "/users" for 98.167.46.192 at 2017-10-26 21:12:23 +0000
Cannot render console from 98.167.46.192! Allowed networks: 127.0.0.1, ::1, 127.0.0.0/127.255.255.255
Processing by Devise::RegistrationsController#create as HTML
  Parameters: {"utf8"=>"✓", "authenticity_token"=>"BV2ALLVYDWNRUGl4OnLECjxDolxjpRyMOYNi612NU5XeSf14OBwrqmKhppdnuJrvc0e3zDREOWXedayAMHs/cw==", "user"=>{"email"=>"skepts@gmail.com", "password"=>"[FILTERED]", "password_confirmation"=>"[FILTERED]"}, "commit"=>"Sign up"}
  [1m[35m (0.1ms)[0m  begin transaction
  [1m[36mUser Exists (0.2ms)[0m  [1mSELECT  1 AS one FROM "users" WHERE "users"."email" = 'skepts@gmail.com' LIMIT 1[0m
  [1m[35mSQL (0.3ms)[0m  INSERT INTO "users" ("email", "encrypted_password", "created_at", "updated_at") VALUES (?, ?, ?, ?)  [["email", "skepts@gmail.com"], ["encrypted_password", "$2a$11$ZHOcnsp6jbrFduO7W5NULurZKNgGk20fS145AmhWPvcnBBuM8iGVW"], ["created_at", "2017-10-26 21:12:24.153911"], ["updated_at", "2017-10-26 21:12:24.153911"]]
DEPRECATION WARNING: `#deliver` is deprecated and will be removed in Rails 5. Use `#deliver_now` to deliver immediately or `#deliver_later` to deliver through Active Job. (called from send_admin_mail at /home/ubuntu/workspace/app/models/user.rb:10)
  Rendered favorite_mailer/new_user.html.erb within layouts/mailer (0.8ms)

FavoriteMailer#new_user: processed outbound mail in 162.6ms

Sent mail to skepts@gmail.com (480.1ms)
Date: Thu, 26 Oct 2017 21:12:24 +0000
From: skepts@gmail.com
To: skepts@gmail.com
Message-ID: skepts@gmail.com
In-Reply-To: skepts@gmail.com
References: skepts@gmail.com
Subject: Welcome to Blocmetrics!
Mime-Version: 1.0
Content-Type: text/html;
 charset=UTF-8
Content-Transfer-Encoding: 7bit

<html>
  <body>
     <!DOCTYPE html>
 <html>
   <head>
     <meta content="text/html; charset=UTF-8" http-equiv="Content-Type" />
   </head>
   <body>
     <h1>Welcome to Blocmetrics skepts@gmail.com</h1>
     <p>Want to know more stuff than anyone else? Us too.</p>

     <p>
       <a href="http://blocmetrics-rt.herokuapp.com//users/sign_in">Lets get this party started</a>
     </p>
   </body>
 </html>
  </body>
</html>

  [1m[36m (0.2ms)[0m  [1mrollback transaction[0m
Completed 500 Internal Server Error in 825ms (ActiveRecord: 0.8ms)

Net::SMTPFatalError (554 Sandbox subdomains are for test purposes only. Please add your own domain or add the address to authorized recipients in Account Settings.
):
  app/models/user.rb:10:in `send_admin_mail'


  Rendered /usr/local/rvm/gems/ruby-2.3.4/gems/actionpack-4.2.8/lib/action_dispatch/middleware/templates/rescues/_source.erb (6.7ms)
  Rendered /usr/local/rvm/gems/ruby-2.3.4/gems/actionpack-4.2.8/lib/action_dispatch/middleware/templates/rescues/_trace.html.erb (2.9ms)
  Rendered /usr/local/rvm/gems/ruby-2.3.4/gems/actionpack-4.2.8/lib/action_dispatch/middleware/templates/rescues/_request_and_response.html.erb (1.1ms)
  Rendered /usr/local/rvm/gems/ruby-2.3.4/gems/actionpack-4.2.8/lib/action_dispatch/middleware/templates/rescues/diagnostics.html.erb within rescues/layout (32.2ms)


Started POST "/users" for 98.167.46.192 at 2017-10-26 21:36:00 +0000
Cannot render console from 98.167.46.192! Allowed networks: 127.0.0.1, ::1, 127.0.0.0/127.255.255.255
Processing by Devise::RegistrationsController#create as HTML
  Parameters: {"utf8"=>"✓", "authenticity_token"=>"dRJH/kDiTk/qJLqpw36weAphXknHLW83nnp6Jup/9CeuBjqqzaZohtnVdUaetO6dRWVL2ZDMSt55jLRNh4mYwQ==", "user"=>{"email"=>"skepts@gmail.com", "password"=>"[FILTERED]", "password_confirmation"=>"[FILTERED]"}, "commit"=>"Sign up"}
  [1m[35m (0.1ms)[0m  begin transaction
  [1m[36mUser Exists (0.2ms)[0m  [1mSELECT  1 AS one FROM "users" WHERE "users"."email" = 'skepts@gmail.com' LIMIT 1[0m
  [1m[35mSQL (0.3ms)[0m  INSERT INTO "users" ("email", "encrypted_password", "created_at", "updated_at") VALUES (?, ?, ?, ?)  [["email", "skepts@gmail.com"], ["encrypted_password", "$2a$11$FwGmeYTMHZGkl2E3BX7PIuDNDHn.B8m2bVOdhHZL6jCY9bmQ/n9gy"], ["created_at", "2017-10-26 21:36:00.945068"], ["updated_at", "2017-10-26 21:36:00.945068"]]
DEPRECATION WARNING: `#deliver` is deprecated and will be removed in Rails 5. Use `#deliver_now` to deliver immediately or `#deliver_later` to deliver through Active Job. (called from send_admin_mail at /home/ubuntu/workspace/app/models/user.rb:10)
  Rendered favorite_mailer/new_user.html.erb within layouts/mailer (0.3ms)

FavoriteMailer#new_user: processed outbound mail in 10.6ms

Sent mail to skepts@gmail.com (843.1ms)
Date: Thu, 26 Oct 2017 21:36:00 +0000
From: skepts@gmail.com
To: skepts@gmail.com
Message-ID: skepts@gmail.com
In-Reply-To: skepts@gmail.com
References: skepts@gmail.com
Subject: Welcome to Blocmetrics!
Mime-Version: 1.0
Content-Type: text/html;
 charset=UTF-8
Content-Transfer-Encoding: 7bit

<html>
  <body>
     <!DOCTYPE html>
 <html>
   <head>
     <meta content="text/html; charset=UTF-8" http-equiv="Content-Type" />
   </head>
   <body>
     <h1>Welcome to Blocmetrics skepts@gmail.com</h1>
     <p>Want to know more stuff than anyone else? Us too.</p>

     <p>
       <a href="http://blocmetrics-rt.herokuapp.com//users/sign_in">Lets get this party started</a>
     </p>
   </body>
 </html>
  </body>
</html>

  [1m[36m (0.4ms)[0m  [1mrollback transaction[0m
Completed 500 Internal Server Error in 1015ms (ActiveRecord: 1.7ms)

Net::SMTPFatalError (554 Sandbox subdomains are for test purposes only. Please add your own domain or add the address to authorized recipients in Account Settings.
):
  app/models/user.rb:10:in `send_admin_mail'


  Rendered /usr/local/rvm/gems/ruby-2.3.4/gems/actionpack-4.2.8/lib/action_dispatch/middleware/templates/rescues/_source.erb (16.0ms)
  Rendered /usr/local/rvm/gems/ruby-2.3.4/gems/actionpack-4.2.8/lib/action_dispatch/middleware/templates/rescues/_trace.html.erb (3.2ms)
  Rendered /usr/local/rvm/gems/ruby-2.3.4/gems/actionpack-4.2.8/lib/action_dispatch/middleware/templates/rescues/_request_and_response.html.erb (1.7ms)
  Rendered /usr/local/rvm/gems/ruby-2.3.4/gems/actionpack-4.2.8/lib/action_dispatch/middleware/templates/rescues/diagnostics.html.erb within rescues/layout (42.3ms)


Started POST "/users" for 98.167.46.192 at 2017-10-26 21:36:50 +0000
Cannot render console from 98.167.46.192! Allowed networks: 127.0.0.1, ::1, 127.0.0.0/127.255.255.255
Processing by Devise::RegistrationsController#create as HTML
  Parameters: {"utf8"=>"✓", "authenticity_token"=>"dRJH/kDiTk/qJLqpw36weAphXknHLW83nnp6Jup/9CeuBjqqzaZohtnVdUaetO6dRWVL2ZDMSt55jLRNh4mYwQ==", "user"=>{"email"=>"skepts@gmail.com", "password"=>"[FILTERED]", "password_confirmation"=>"[FILTERED]"}, "commit"=>"Sign up"}
  [1m[35m (0.2ms)[0m  begin transaction
  [1m[36mUser Exists (0.2ms)[0m  [1mSELECT  1 AS one FROM "users" WHERE "users"."email" = 'skepts@gmail.com' LIMIT 1[0m
  [1m[35mSQL (0.2ms)[0m  INSERT INTO "users" ("email", "encrypted_password", "created_at", "updated_at") VALUES (?, ?, ?, ?)  [["email", "skepts@gmail.com"], ["encrypted_password", "$2a$11$/QrJaN1QOw7PYie6BzohLeYW/5XWv0X8izgKcqewVy69QJvnVzpGa"], ["created_at", "2017-10-26 21:36:51.071447"], ["updated_at", "2017-10-26 21:36:51.071447"]]
DEPRECATION WARNING: `#deliver` is deprecated and will be removed in Rails 5. Use `#deliver_now` to deliver immediately or `#deliver_later` to deliver through Active Job. (called from send_admin_mail at /home/ubuntu/workspace/app/models/user.rb:10)
  Rendered favorite_mailer/new_user.html.erb within layouts/mailer (0.2ms)

FavoriteMailer#new_user: processed outbound mail in 5.4ms

Sent mail to skepts@gmail.com (465.3ms)
Date: Thu, 26 Oct 2017 21:36:51 +0000
From: skepts@gmail.com
To: skepts@gmail.com
Message-ID: skepts@gmail.com
In-Reply-To: skepts@gmail.com
References: skepts@gmail.com
Subject: Welcome to Blocmetrics!
Mime-Version: 1.0
Content-Type: text/html;
 charset=UTF-8
Content-Transfer-Encoding: 7bit

<html>
  <body>
     <!DOCTYPE html>
 <html>
   <head>
     <meta content="text/html; charset=UTF-8" http-equiv="Content-Type" />
   </head>
   <body>
     <h1>Welcome to Blocmetrics skepts@gmail.com</h1>
     <p>Want to know more stuff than anyone else? Us too.</p>

     <p>
       <a href="http://blocmetrics-rt.herokuapp.com//users/sign_in">Lets get this party started</a>
     </p>
   </body>
 </html>
  </body>
</html>

  [1m[36m (0.3ms)[0m  [1mrollback transaction[0m
Completed 500 Internal Server Error in 610ms (ActiveRecord: 0.9ms)

Net::SMTPFatalError (554 Sandbox subdomains are for test purposes only. Please add your own domain or add the address to authorized recipients in Account Settings.
):
  app/models/user.rb:10:in `send_admin_mail'


  Rendered /usr/local/rvm/gems/ruby-2.3.4/gems/actionpack-4.2.8/lib/action_dispatch/middleware/templates/rescues/_source.erb (8.0ms)
  Rendered /usr/local/rvm/gems/ruby-2.3.4/gems/actionpack-4.2.8/lib/action_dispatch/middleware/templates/rescues/_trace.html.erb (3.5ms)
  Rendered /usr/local/rvm/gems/ruby-2.3.4/gems/actionpack-4.2.8/lib/action_dispatch/middleware/templates/rescues/_request_and_response.html.erb (1.4ms)
  Rendered /usr/local/rvm/gems/ruby-2.3.4/gems/actionpack-4.2.8/lib/action_dispatch/middleware/templates/rescues/diagnostics.html.erb within rescues/layout (29.6ms)


Started POST "/users" for 98.167.46.192 at 2017-10-26 21:43:14 +0000
Cannot render console from 98.167.46.192! Allowed networks: 127.0.0.1, ::1, 127.0.0.0/127.255.255.255
Processing by Devise::RegistrationsController#create as HTML
  Parameters: {"utf8"=>"✓", "authenticity_token"=>"dRJH/kDiTk/qJLqpw36weAphXknHLW83nnp6Jup/9CeuBjqqzaZohtnVdUaetO6dRWVL2ZDMSt55jLRNh4mYwQ==", "user"=>{"email"=>"skepts@gmail.com", "password"=>"[FILTERED]", "password_confirmation"=>"[FILTERED]"}, "commit"=>"Sign up"}
  [1m[35m (0.2ms)[0m  begin transaction
  [1m[36mUser Exists (0.2ms)[0m  [1mSELECT  1 AS one FROM "users" WHERE "users"."email" = 'skepts@gmail.com' LIMIT 1[0m
  [1m[35mSQL (0.2ms)[0m  INSERT INTO "users" ("email", "encrypted_password", "created_at", "updated_at") VALUES (?, ?, ?, ?)  [["email", "skepts@gmail.com"], ["encrypted_password", "$2a$11$U5UUyZSHnHSBmAwk39R26ui7uIDQ9DFhsYFVyKoFyKu.j9egF9d3G"], ["created_at", "2017-10-26 21:43:14.303281"], ["updated_at", "2017-10-26 21:43:14.303281"]]
DEPRECATION WARNING: `#deliver` is deprecated and will be removed in Rails 5. Use `#deliver_now` to deliver immediately or `#deliver_later` to deliver through Active Job. (called from send_admin_mail at /home/ubuntu/workspace/app/models/user.rb:10)
  Rendered favorite_mailer/new_user.html.erb within layouts/mailer (0.3ms)

FavoriteMailer#new_user: processed outbound mail in 6.6ms

Sent mail to skepts@gmail.com (931.5ms)
Date: Thu, 26 Oct 2017 21:43:14 +0000
From: skepts@gmail.com
To: skepts@gmail.com
Message-ID: skepts@gmail.com
In-Reply-To: skepts@gmail.com
References: skepts@gmail.com
Subject: Welcome to Blocmetrics!
Mime-Version: 1.0
Content-Type: text/html;
 charset=UTF-8
Content-Transfer-Encoding: 7bit

<html>
  <body>
     <!DOCTYPE html>
 <html>
   <head>
     <meta content="text/html; charset=UTF-8" http-equiv="Content-Type" />
   </head>
   <body>
     <h1>Welcome to Blocmetrics skepts@gmail.com</h1>
     <p>Want to know more stuff than anyone else? Us too.</p>

     <p>
       <a href="http://blocmetrics-rt.herokuapp.com//users/sign_in">Lets get this party started</a>
     </p>
   </body>
 </html>
  </body>
</html>

  [1m[36m (11.3ms)[0m  [1mcommit transaction[0m
  [1m[35m (0.1ms)[0m  begin transaction
  [1m[36mSQL (0.4ms)[0m  [1mUPDATE "users" SET "last_sign_in_at" = ?, "current_sign_in_at" = ?, "last_sign_in_ip" = ?, "current_sign_in_ip" = ?, "sign_in_count" = ?, "updated_at" = ? WHERE "users"."id" = ?[0m  [["last_sign_in_at", "2017-10-26 21:43:15.257518"], ["current_sign_in_at", "2017-10-26 21:43:15.257518"], ["last_sign_in_ip", "98.167.46.192"], ["current_sign_in_ip", "98.167.46.192"], ["sign_in_count", 1], ["updated_at", "2017-10-26 21:43:15.258788"], ["id", 1]]
  [1m[35m (22.2ms)[0m  commit transaction
Redirected to https://blocmetrics-rtrunkhill.c9users.io/
Completed 302 Found in 1153ms (ActiveRecord: 34.6ms)


Started GET "/" for 98.167.46.192 at 2017-10-26 21:43:15 +0000
Cannot render console from 98.167.46.192! Allowed networks: 127.0.0.1, ::1, 127.0.0.0/127.255.255.255
Processing by WelcomeController#index as HTML
  Rendered welcome/index.html.erb within layouts/application (0.7ms)
Completed 200 OK in 51ms (Views: 50.4ms | ActiveRecord: 0.0ms)


Started GET "/users/sign_up" for 98.167.46.192 at 2017-10-26 21:43:57 +0000
Cannot render console from 98.167.46.192! Allowed networks: 127.0.0.1, ::1, 127.0.0.0/127.255.255.255
Processing by Devise::RegistrationsController#new as HTML
  [1m[36mUser Load (0.4ms)[0m  [1mSELECT  "users".* FROM "users" WHERE "users"."id" = ?  ORDER BY "users"."id" ASC LIMIT 1[0m  [["id", 1]]
Redirected to https://blocmetrics-rtrunkhill.c9users.io/
Filter chain halted as :require_no_authentication rendered or redirected
Completed 302 Found in 3ms (ActiveRecord: 0.4ms)


Started GET "/" for 98.167.46.192 at 2017-10-26 21:43:58 +0000
Cannot render console from 98.167.46.192! Allowed networks: 127.0.0.1, ::1, 127.0.0.0/127.255.255.255
Processing by WelcomeController#index as HTML
  Rendered welcome/index.html.erb within layouts/application (0.1ms)
Completed 200 OK in 26ms (Views: 25.3ms | ActiveRecord: 0.0ms)


Started GET "/users/sign_up" for 98.167.46.192 at 2017-10-26 21:44:00 +0000
Cannot render console from 98.167.46.192! Allowed networks: 127.0.0.1, ::1, 127.0.0.0/127.255.255.255
Processing by Devise::RegistrationsController#new as HTML
  [1m[35mUser Load (0.2ms)[0m  SELECT  "users".* FROM "users" WHERE "users"."id" = ?  ORDER BY "users"."id" ASC LIMIT 1  [["id", 1]]
Redirected to https://blocmetrics-rtrunkhill.c9users.io/
Filter chain halted as :require_no_authentication rendered or redirected
Completed 302 Found in 2ms (ActiveRecord: 0.2ms)


Started GET "/" for 98.167.46.192 at 2017-10-26 21:44:00 +0000
Cannot render console from 98.167.46.192! Allowed networks: 127.0.0.1, ::1, 127.0.0.0/127.255.255.255
Processing by WelcomeController#index as HTML
  Rendered welcome/index.html.erb within layouts/application (0.0ms)
Completed 200 OK in 34ms (Views: 33.4ms | ActiveRecord: 0.0ms)


Started GET "/users/sign_in" for 98.167.46.192 at 2017-10-26 21:44:01 +0000
Cannot render console from 98.167.46.192! Allowed networks: 127.0.0.1, ::1, 127.0.0.0/127.255.255.255
Processing by Users::SessionsController#new as HTML
  [1m[36mUser Load (0.1ms)[0m  [1mSELECT  "users".* FROM "users" WHERE "users"."id" = ?  ORDER BY "users"."id" ASC LIMIT 1[0m  [["id", 1]]
Redirected to https://blocmetrics-rtrunkhill.c9users.io/
Filter chain halted as :require_no_authentication rendered or redirected
Completed 302 Found in 3ms (ActiveRecord: 0.1ms)


Started GET "/" for 98.167.46.192 at 2017-10-26 21:44:02 +0000
Cannot render console from 98.167.46.192! Allowed networks: 127.0.0.1, ::1, 127.0.0.0/127.255.255.255
Processing by WelcomeController#index as HTML
  Rendered welcome/index.html.erb within layouts/application (0.1ms)
Completed 200 OK in 27ms (Views: 26.0ms | ActiveRecord: 0.0ms)


Started GET "/users/sign_up" for 98.167.46.192 at 2017-10-26 21:44:05 +0000
Cannot render console from 98.167.46.192! Allowed networks: 127.0.0.1, ::1, 127.0.0.0/127.255.255.255
Processing by Devise::RegistrationsController#new as HTML
  [1m[35mUser Load (0.1ms)[0m  SELECT  "users".* FROM "users" WHERE "users"."id" = ?  ORDER BY "users"."id" ASC LIMIT 1  [["id", 1]]
Redirected to https://blocmetrics-rtrunkhill.c9users.io/
Filter chain halted as :require_no_authentication rendered or redirected
Completed 302 Found in 2ms (ActiveRecord: 0.1ms)


Started GET "/" for 98.167.46.192 at 2017-10-26 21:44:05 +0000
Cannot render console from 98.167.46.192! Allowed networks: 127.0.0.1, ::1, 127.0.0.0/127.255.255.255
Processing by WelcomeController#index as HTML
  Rendered welcome/index.html.erb within layouts/application (0.0ms)
Completed 200 OK in 22ms (Views: 21.2ms | ActiveRecord: 0.0ms)


Started GET "/users/sign_up" for 98.167.46.192 at 2017-10-26 21:44:06 +0000
Cannot render console from 98.167.46.192! Allowed networks: 127.0.0.1, ::1, 127.0.0.0/127.255.255.255
Processing by Devise::RegistrationsController#new as HTML
  [1m[36mUser Load (0.1ms)[0m  [1mSELECT  "users".* FROM "users" WHERE "users"."id" = ?  ORDER BY "users"."id" ASC LIMIT 1[0m  [["id", 1]]
Redirected to https://blocmetrics-rtrunkhill.c9users.io/
Filter chain halted as :require_no_authentication rendered or redirected
Completed 302 Found in 2ms (ActiveRecord: 0.1ms)


Started GET "/" for 98.167.46.192 at 2017-10-26 21:44:06 +0000
Cannot render console from 98.167.46.192! Allowed networks: 127.0.0.1, ::1, 127.0.0.0/127.255.255.255
Processing by WelcomeController#index as HTML
  Rendered welcome/index.html.erb within layouts/application (0.0ms)
Completed 200 OK in 22ms (Views: 21.8ms | ActiveRecord: 0.0ms)


Started GET "/users/sign_up" for 98.167.46.192 at 2017-10-26 21:44:07 +0000
Cannot render console from 98.167.46.192! Allowed networks: 127.0.0.1, ::1, 127.0.0.0/127.255.255.255
Processing by Devise::RegistrationsController#new as HTML
  [1m[35mUser Load (0.1ms)[0m  SELECT  "users".* FROM "users" WHERE "users"."id" = ?  ORDER BY "users"."id" ASC LIMIT 1  [["id", 1]]
Redirected to https://blocmetrics-rtrunkhill.c9users.io/
Filter chain halted as :require_no_authentication rendered or redirected
Completed 302 Found in 2ms (ActiveRecord: 0.1ms)


Started GET "/" for 98.167.46.192 at 2017-10-26 21:44:07 +0000
Cannot render console from 98.167.46.192! Allowed networks: 127.0.0.1, ::1, 127.0.0.0/127.255.255.255
Processing by WelcomeController#index as HTML
  Rendered welcome/index.html.erb within layouts/application (0.0ms)
Completed 200 OK in 30ms (Views: 29.2ms | ActiveRecord: 0.0ms)


Started GET "/" for 98.167.46.192 at 2017-10-26 21:46:00 +0000
Cannot render console from 98.167.46.192! Allowed networks: 127.0.0.1, ::1, 127.0.0.0/127.255.255.255
Processing by WelcomeController#index as HTML
  Rendered welcome/index.html.erb within layouts/application (0.0ms)
  [1m[36mUser Load (0.1ms)[0m  [1mSELECT  "users".* FROM "users" WHERE "users"."id" = ?  ORDER BY "users"."id" ASC LIMIT 1[0m  [["id", 1]]
Completed 200 OK in 33ms (Views: 32.0ms | ActiveRecord: 0.1ms)


Started GET "/" for 98.167.46.192 at 2017-10-26 21:46:26 +0000
Cannot render console from 98.167.46.192! Allowed networks: 127.0.0.1, ::1, 127.0.0.0/127.255.255.255
Processing by WelcomeController#index as HTML
  Rendered welcome/index.html.erb within layouts/application (0.2ms)
  [1m[35mUser Load (0.1ms)[0m  SELECT  "users".* FROM "users" WHERE "users"."id" = ?  ORDER BY "users"."id" ASC LIMIT 1  [["id", 1]]
Completed 200 OK in 28ms (Views: 27.1ms | ActiveRecord: 0.1ms)


Started GET "/" for 98.167.46.192 at 2017-10-26 21:47:21 +0000
Cannot render console from 98.167.46.192! Allowed networks: 127.0.0.1, ::1, 127.0.0.0/127.255.255.255
Processing by WelcomeController#index as HTML
  Rendered welcome/index.html.erb within layouts/application (0.1ms)
  [1m[36mUser Load (0.1ms)[0m  [1mSELECT  "users".* FROM "users" WHERE "users"."id" = ?  ORDER BY "users"."id" ASC LIMIT 1[0m  [["id", 1]]
Completed 200 OK in 26ms (Views: 25.1ms | ActiveRecord: 0.1ms)


Started GET "/" for 98.167.46.192 at 2017-10-26 21:48:09 +0000
Cannot render console from 98.167.46.192! Allowed networks: 127.0.0.1, ::1, 127.0.0.0/127.255.255.255
Processing by WelcomeController#index as HTML
  Rendered welcome/index.html.erb within layouts/application (0.0ms)
  [1m[35mUser Load (0.2ms)[0m  SELECT  "users".* FROM "users" WHERE "users"."id" = ?  ORDER BY "users"."id" ASC LIMIT 1  [["id", 1]]
Completed 200 OK in 27ms (Views: 26.8ms | ActiveRecord: 0.2ms)


Started DELETE "/users/sign_out" for 98.167.46.192 at 2017-10-26 21:48:44 +0000
Cannot render console from 98.167.46.192! Allowed networks: 127.0.0.1, ::1, 127.0.0.0/127.255.255.255
Processing by Users::SessionsController#destroy as HTML
  Parameters: {"authenticity_token"=>"pvsbXczYwjXirfsbB89c2xvbl4F4cBiWL/26HiFAucV972YJQZzk/NFcNPRaBQI+VN+CES+RPX/IC3R1TLbVIw=="}
  [1m[36mUser Load (0.1ms)[0m  [1mSELECT  "users".* FROM "users" WHERE "users"."id" = ?  ORDER BY "users"."id" ASC LIMIT 1[0m  [["id", 1]]
  [1m[35m (0.1ms)[0m  begin transaction
  [1m[36m (0.1ms)[0m  [1mcommit transaction[0m
Redirected to https://blocmetrics-rtrunkhill.c9users.io/
Completed 302 Found in 187ms (ActiveRecord: 0.3ms)


Started GET "/" for 98.167.46.192 at 2017-10-26 21:48:45 +0000
Cannot render console from 98.167.46.192! Allowed networks: 127.0.0.1, ::1, 127.0.0.0/127.255.255.255
Processing by WelcomeController#index as HTML
  Rendered welcome/index.html.erb within layouts/application (0.1ms)
Completed 200 OK in 40ms (Views: 38.9ms | ActiveRecord: 0.0ms)


Started GET "/users/sign_up" for 98.167.46.192 at 2017-10-26 21:48:47 +0000
Cannot render console from 98.167.46.192! Allowed networks: 127.0.0.1, ::1, 127.0.0.0/127.255.255.255
Processing by Devise::RegistrationsController#new as HTML
  Rendered devise/shared/_links.html.erb (0.5ms)
  Rendered devise/registrations/new.html.erb within layouts/application (4.8ms)
Completed 200 OK in 29ms (Views: 28.0ms | ActiveRecord: 0.0ms)


Started POST "/users" for 98.167.46.192 at 2017-10-26 21:48:56 +0000
Cannot render console from 98.167.46.192! Allowed networks: 127.0.0.1, ::1, 127.0.0.0/127.255.255.255
Processing by Devise::RegistrationsController#create as HTML
  Parameters: {"utf8"=>"✓", "authenticity_token"=>"DeqJHRqg9EfUqIxVPWbh+CVaSygJ17H+hITAajxqct0xKGXd33xld/DYm3dAvzvfMvdmVjypHs+83SkR6Bbxiw==", "user"=>{"email"=>"skepts@gmail.com", "password"=>"[FILTERED]", "password_confirmation"=>"[FILTERED]"}, "commit"=>"Sign up"}
  [1m[35m (0.1ms)[0m  begin transaction
  [1m[36mUser Exists (0.2ms)[0m  [1mSELECT  1 AS one FROM "users" WHERE "users"."email" = 'skepts@gmail.com' LIMIT 1[0m
  [1m[35m (0.1ms)[0m  rollback transaction
  Rendered devise/shared/_links.html.erb (0.2ms)
  Rendered devise/registrations/new.html.erb within layouts/application (3.8ms)
Completed 200 OK in 166ms (Views: 24.5ms | ActiveRecord: 0.3ms)


Started POST "/users" for 98.167.46.192 at 2017-10-26 21:49:23 +0000
Cannot render console from 98.167.46.192! Allowed networks: 127.0.0.1, ::1, 127.0.0.0/127.255.255.255
Processing by Devise::RegistrationsController#create as HTML
  Parameters: {"utf8"=>"✓", "authenticity_token"=>"/F/slGRxX8Nnxo0rVlZSrDnvjrV9j/VKYBjufMgpetLAnQBUoa3O80O2mgkrj4iLLkKjy0jxWntYQQcHHFX5hA==", "user"=>{"email"=>"nobody@crap.com", "password"=>"[FILTERED]", "password_confirmation"=>"[FILTERED]"}, "commit"=>"Sign up"}
  [1m[36m (0.1ms)[0m  [1mbegin transaction[0m
  [1m[35mUser Exists (0.2ms)[0m  SELECT  1 AS one FROM "users" WHERE "users"."email" = 'nobody@crap.com' LIMIT 1
  [1m[36mSQL (0.2ms)[0m  [1mINSERT INTO "users" ("email", "encrypted_password", "created_at", "updated_at") VALUES (?, ?, ?, ?)[0m  [["email", "nobody@crap.com"], ["encrypted_password", "$2a$11$1mnnXgPNMvBstXErvqVzqOBtUm4CP7k8y5v9.ifURIhhoLnJEEe9e"], ["created_at", "2017-10-26 21:49:23.669381"], ["updated_at", "2017-10-26 21:49:23.669381"]]
DEPRECATION WARNING: `#deliver` is deprecated and will be removed in Rails 5. Use `#deliver_now` to deliver immediately or `#deliver_later` to deliver through Active Job. (called from send_admin_mail at /home/ubuntu/workspace/app/models/user.rb:10)
  Rendered favorite_mailer/new_user.html.erb within layouts/mailer (0.3ms)

FavoriteMailer#new_user: processed outbound mail in 5.7ms

Sent mail to nobody@crap.com (753.7ms)
Date: Thu, 26 Oct 2017 21:49:23 +0000
From: skepts@gmail.com
To: nobody@crap.com
Message-ID: nobody@crap.com
In-Reply-To: nobody@crap.com
References: nobody@crap.com
Subject: Welcome to Blocmetrics!
Mime-Version: 1.0
Content-Type: text/html;
 charset=UTF-8
Content-Transfer-Encoding: 7bit

<html>
  <body>
     <!DOCTYPE html>
 <html>
   <head>
     <meta content="text/html; charset=UTF-8" http-equiv="Content-Type" />
   </head>
   <body>
     <h1>Welcome to Blocmetrics nobody@crap.com</h1>
     <p>Want to know more stuff than anyone else? Us too.</p>

     <p>
       <a href="http://blocmetrics-rt.herokuapp.com//users/sign_in">Lets get this party started</a>
     </p>
   </body>
 </html>
  </body>
</html>

  [1m[35m (0.2ms)[0m  rollback transaction
Completed 500 Internal Server Error in 898ms (ActiveRecord: 0.7ms)

Net::SMTPFatalError (554 Sandbox subdomains are for test purposes only. Please add your own domain or add the address to authorized recipients in Account Settings.
):
  app/models/user.rb:10:in `send_admin_mail'


  Rendered /usr/local/rvm/gems/ruby-2.3.4/gems/actionpack-4.2.8/lib/action_dispatch/middleware/templates/rescues/_source.erb (6.5ms)
  Rendered /usr/local/rvm/gems/ruby-2.3.4/gems/actionpack-4.2.8/lib/action_dispatch/middleware/templates/rescues/_trace.html.erb (2.9ms)
  Rendered /usr/local/rvm/gems/ruby-2.3.4/gems/actionpack-4.2.8/lib/action_dispatch/middleware/templates/rescues/_request_and_response.html.erb (1.1ms)
  Rendered /usr/local/rvm/gems/ruby-2.3.4/gems/actionpack-4.2.8/lib/action_dispatch/middleware/templates/rescues/diagnostics.html.erb within rescues/layout (26.4ms)
